build/app/outputs/mapping/release/seeds.txt
com.example.eventh.MainActivity
com.example.eventh.MainActivity: MainActivity()
...
com.google.crypto.tink.config.internal.TinkFipsUtil$AlgorithmFipsCompatibility: com.google.crypto.tink.config.internal.TinkFipsUtil$AlgorithmFipsCompatibility valueOf(java.lang.String)
kotlin.jvm.internal.FunctionReferenceImpl: FunctionReferenceImpl(int,java.lang.Class,java.lang.String,java.lang.String,int)
android.support.v4.graphics.drawable.IconCompatParcelizer: androidx.core.graphics.drawable.IconCompat read(androidx.versionedparcelable.VersionedParcel)
androidx.window.layout.SidecarAdapter: SidecarAdapter()
androidx.window.layout.SidecarAdapter: java.util.List translate(java.util.List,androidx.window.sidecar.SidecarDeviceState)
androidx.window.layout.SidecarCompat$TranslatingCallback: SidecarCompat$TranslatingCallback(androidx.window.layout.SidecarCompat)
androidx.window.embedding.SplitPairRule: SplitPairRule(java.util.Set,boolean,boolean,boolean,int,int,float,int)
androidx.security.crypto.EncryptedSharedPreferences$EncryptedType: androidx.security.crypto.EncryptedSharedPreferences$EncryptedType[] values()
kotlinx.coroutines.android.AndroidDispatcherFactory: kotlinx.coroutines.MainCoroutineDispatcher createDispatcher(java.util.List)
androidx.core.graphics.drawable.IconCompat$Api23Impl: android.net.Uri getUri(java.lang.Object)
androidx.window.layout.ActivityCompatHelperApi30: android.graphics.Rect maximumWindowBounds(android.app.Activity)
androidx.core.view.ViewCompat$Api16Impl: boolean hasTransientState(android.view.View)
androidx.core.view.ViewCompat$Api28Impl: boolean isScreenReaderFocusable(android.view.View)
androidx.window.embedding.EmbeddingCompat$Companion: EmbeddingCompat$Companion()
androidx.window.layout.WindowMetricsCalculator$Companion$decorator$1: java.lang.Object invoke(java.lang.Object)
androidx.security.crypto.MasterKey$Builder$Api23Impl$Api30Impl: void setUserAuthenticationParameters(android.security.keystore.KeyGenParameterSpec$Builder,int,int)
io.flutter.embedding.engine.FlutterJNI: void runBundleAndSnapshotFromLibrary(java.lang.String,java.lang.String,java.lang.String,android.content.res.AssetManager,java.util.List)
io.flutter.embedding.android.FlutterTextureView: void setRenderSurface(android.view.Surface)
com.google.crypto.tink.proto.AesCtrHmacAeadKey: AesCtrHmacAeadKey()
androidx.window.core.Bounds: int getLeft()
androidx.window.java.layout.WindowInfoTrackerCallbackAdapter$addListener$1$1: java.lang.Object invoke(kotlinx.coroutines.CoroutineScope,kotlin.coroutines.Continuation)
androidx.core.view.WindowInsetsCompat$Impl29: WindowInsetsCompat$Impl29(androidx.core.view.WindowInsetsCompat,android.view.WindowInsets)
androidx.window.R$attr: R$attr()
androidx.window.layout.FoldingFeature$State: FoldingFeature$State(java.lang.String)
kotlinx.coroutines.internal.OpDescriptor: OpDescriptor()
com.google.crypto.tink.shaded.protobuf.GeneratedMessageLite$MethodToInvoke: com.google.crypto.tink.shaded.protobuf.GeneratedMessageLite$MethodToInvoke[] values()
com.google.crypto.tink.shaded.protobuf.FloatArrayList: FloatArrayList()
io.flutter.plugins.pathprovider.Messages$StorageDirectory: io.flutter.plugins.pathprovider.Messages$StorageDirectory valueOf(java.lang.String)
io.flutter.embedding.engine.FlutterJNI: void unregisterTexture(long)
io.flutter.embedding.engine.FlutterJNI: void ensureAttachedToNative()
androidx.core.view.ViewCompat$Api16Impl: void setBackground(android.view.View,android.graphics.drawable.Drawable)
androidx.core.view.WindowInsetsCompat$BuilderImpl: void applyInsetTypes()
androidx.window.embedding.EmbeddingInterfaceCompat: void setEmbeddingCallback(androidx.window.embedding.EmbeddingInterfaceCompat$EmbeddingCallbackInterface)
com.google.crypto.tink.shaded.protobuf.GeneratedMessageLite$ExtendableMessage: GeneratedMessageLite$ExtendableMessage()
androidx.core.view.ViewCompat$Api16Impl: boolean getFitsSystemWindows(android.view.View)
com.google.crypto.tink.shaded.protobuf.ExtensionRegistryLite: ExtensionRegistryLite()
androidx.window.layout.HardwareFoldingFeature: java.lang.String toString()