build/app/outputs/mapping/release/usage.txt
com.example.eventh.BuildConfig
com.example.eventh.R$attr
com.example.eventh.R$color
com.example.eventh.R$dimen
com.example.eventh.R$drawable
com.example.eventh.R$id
com.example.eventh.R$integer
com.example.eventh.R$layout
com.example.eventh.R$mipmap
com.example.eventh.R$string
com.example.eventh.R$style
com.example.eventh.R$styleable
com.example.eventh.R
...
com.google.crypto.tink.signature.SignaturePemKeysetReader
com.google.crypto.tink.signature.internal.SigUtil$1
com.google.crypto.tink.signature.internal.SigUtil
com.google.crypto.tink.streamingaead.AesCtrHmacStreamingKeyManager$1
com.google.crypto.tink.streamingaead.AesCtrHmacStreamingKeyManager$2
com.google.crypto.tink.streamingaead.AesCtrHmacStreamingKeyManager$3
com.google.crypto.tink.streamingaead.AesCtrHmacStreamingKeyManager
com.google.crypto.tink.streamingaead.AesGcmHkdfStreamingKeyManager$1
com.google.crypto.tink.streamingaead.AesGcmHkdfStreamingKeyManager$2
com.google.crypto.tink.streamingaead.AesGcmHkdfStreamingKeyManager
com.google.crypto.tink.streamingaead.InputStreamDecrypter
com.google.crypto.tink.streamingaead.ReadableByteChannelDecrypter
com.google.crypto.tink.streamingaead.SeekableByteChannelDecrypter
com.google.crypto.tink.streamingaead.StreamingAeadConfig
com.google.crypto.tink.streamingaead.StreamingAeadFactory
com.google.crypto.tink.streamingaead.StreamingAeadHelper
com.google.crypto.tink.streamingaead.StreamingAeadKeyTemplates
com.google.crypto.tink.streamingaead.StreamingAeadUtil$1
com.google.crypto.tink.streamingaead.StreamingAeadUtil
com.google.crypto.tink.streamingaead.StreamingAeadWrapper
com.google.crypto.tink.subtle.AesCtrHmacStreaming$AesCtrHmacStreamDecrypter
com.google.crypto.tink.subtle.AesCtrHmacStreaming$AesCtrHmacStreamEncrypter
com.google.crypto.tink.subtle.AesCtrHmacStreaming
com.google.crypto.tink.subtle.AesCtrJceCipher:
    private static final java.lang.String CIPHER_ALGORITHM
    private static final java.lang.String KEY_ALGORITHM
    private static final int MIN_IV_SIZE_IN_BYTES
com.google.crypto.tink.subtle.AesEaxJce:
    static final int BLOCK_SIZE_IN_BYTES
    static final int TAG_SIZE_IN_BYTES
com.google.crypto.tink.subtle.AesGcmHkdfStreaming$AesGcmHkdfStreamDecrypter
com.google.crypto.tink.subtle.AesGcmHkdfStreaming$AesGcmHkdfStreamEncrypter
com.google.crypto.tink.subtle.AesGcmHkdfStreaming
com.google.crypto.tink.subtle.Base64$Coder:
    public abstract int maxOutputSize(int)
    public abstract boolean process(byte[],int,int,boolean)
com.google.crypto.tink.subtle.Base64$Decoder:
    private static final int EQUALS
    private static final int SKIP
    public int maxOutputSize(int)
com.google.crypto.tink.subtle.Base64$Encoder:
    public static final int LINE_GROUPS
    public int maxOutputSize(int)
com.google.crypto.tink.subtle.Base64:
    public static final int CRLF
    public static final int DEFAULT
    public static final int NO_CLOSE
    public static final int NO_PADDING
    public static final int NO_WRAP
    public static final int URL_SAFE
    public static byte[] decode(java.lang.String)
    public static java.lang.String encodeToString(byte[],int,int,int)
    public static byte[] urlSafeDecode(java.lang.String)
    public static java.lang.String urlSafeEncode(byte[])
com.google.crypto.tink.subtle.Bytes:
    private void <init>()
    public static int byteArrayToInt(byte[])
    public static int byteArrayToInt(byte[],int)
    public static int byteArrayToInt(byte[],int,int)
    public static byte[] intToByteArray(int,int)
com.google.crypto.tink.subtle.ChaCha20
com.google.crypto.tink.subtle.ChaCha20Base
com.google.crypto.tink.subtle.ChaCha20Poly1305Base
com.google.crypto.tink.subtle.Curve25519
com.google.crypto.tink.subtle.EcdsaSignJce
com.google.crypto.tink.subtle.EcdsaVerifyJce
com.google.crypto.tink.subtle.EciesAeadHkdfDemHelper
com.google.crypto.tink.subtle.EciesAeadHkdfHybridDecrypt
com.google.crypto.tink.subtle.EciesAeadHkdfHybridEncrypt
com.google.crypto.tink.subtle.EciesHkdfRecipientKem
com.google.crypto.tink.subtle.EciesHkdfSenderKem$KemKey
com.google.crypto.tink.subtle.EciesHkdfSenderKem
com.google.crypto.tink.subtle.Ed25519$CachedXYT
com.google.crypto.tink.subtle.Ed25519$CachedXYZT
com.google.crypto.tink.subtle.Ed25519$PartialXYZT
com.google.crypto.tink.subtle.Ed25519$XYZ
com.google.crypto.tink.subtle.Ed25519$XYZT
com.google.crypto.tink.subtle.Ed25519